
ROM used:   546/32768 (2%)
            550/32768 (2%) including unused fragments

            0.5 Average locations per line
            6.3 Average locations per statement

RAM used:   5/2048 (0%) at main() level
            15/2048 (1%) worst case

Stack used: 5 worst case (5 in main + 0 for interrupts)
Stack size: 31

Lines Stmts  %   Files
----- ----- ---  -----
   79     7   8  main.c
   14     0   0  main.h
  837     0   0  ..\..\..\..\..\..\Program Files (x86)\PICC\Devices\18F4550.h
  223    79  92  lcd_kit.c
----- -----
 1153    86 Total

Page ROM  %  RAM   Vol Diff  Functions:
---- --- --- ---   --- ----  ----------
0     40   4    1             @delay_ms1
0     34   3    1             @delay_us1
0     20   2    0   108  1.7  @const646
0     58   5    1   260  1.9  lcd_envia_nibble
0     52   5    3   176  2.7  lcd_envia_byte
0    102   9    2   433  4.3  lcd_ini
0     36   3    4   186  5.5  lcd_pos_xy
0     72   7    1   290  4.1  lcd_escreve
0     62   6    1   136  2.4  MAIN
0     14   1    0   433  4.3  @const677
0     32   3    2   186  5.5  @PSTRINGC_662
0     20   2    0   290  4.1  @const679
 Inline         0   145  2.8  @cinit1

Program metrics:
    Functions               11
    Statements              86
    Comments                275
    Volume (V)              4426
    Difficulty (D)          38.7
    Effort to implement (E) 171409
    Time to implement (T)   2 hours, 39 minutes
    Est Delivered Bugs (B)  1
    Cyclomatic Complexity   17
    Maintainability (MI)    156

 Segment     Used  Free
-----------  ----  ----
00000-00FFE     0  4096  
01000-01006     4  4  
01008-07FFE   542  28122  



