
ROM used:   2932/32768 (9%)
            2936/32768 (9%) including unused fragments

            2.2 Average locations per line
            15.1 Average locations per statement

RAM used:   36/2048 (2%) at main() level
            72/2048 (4%) worst case

Stack used: 11 worst case (5 in main + 6 for interrupts)
Stack size: 31

Lines Stmts  %   Files
----- ----- ---  -----
  155    72  37  main.c
   14     0   0  main.h
  837     0   0  18F4550.h
  103    43  22  Motor1.c
  223    79  41  LCD_KIT.c
----- -----
 1332   194 Total

Page ROM  %  RAM   Vol Diff  Functions:
---- --- --- ---   --- ----  ----------
0     40   1    1             @delay_ms1
0     32   1    1             @delay_us1
0     20   0    0   108  1.7  frente
0     32   1    0    90  2.1  MotorInitialize
0     78   1    2    53  1.7  SetBothPwm
0     40   1    2    30  1.5  SetRight
0     40   1    2    40  0.6  SetLeft
0     30   1    0             @const662
0     58   1    1   260  1.9  lcd_envia_nibble
0     52   1    3   176  2.7  lcd_envia_byte
0    174   3    2   433  4.3  lcd_ini
0     34   1    4   186  5.5  lcd_pos_xy
0     70   1    1   290  4.1  lcd_escreve
0    714  12    4  1567  6.6  timerTick
0      4   0    0             @const700
0     32   1    2             @PSTRINGC_678
0    242   4    9             @PRINTF_LD_678
0      6   0    0             @const705
0     54   1    2             @ITOF
0    346   6   14             @DIVFF
0    118   2   10             @FLT
0     16   0    0             @const717
0     16   0    0             @const718
0    242   4   11             @MULFF
0     56   1    4   280  4.0  @SFTOI
0     10   0    0             @const724
0    136   2    1   280  4.0  MAIN
0     16   0    0    17  0.8  @const728
0     68   1    0   250  2.3  Setup
0     10   0    0    17  0.8  ClearScreen
 Inline         0             @cinit1

Program metrics:
    Functions               16
    Statements              194
    Comments                241
    Volume (V)              6680
    Difficulty (D)          43.7
    Effort to implement (E) 291644
    Time to implement (T)   4 hours, 30 minutes
    Est Delivered Bugs (B)  1
    Cyclomatic Complexity   22
    Maintainability (MI)    86

 Segment     Used  Free
-----------  ----  ----
00000-00FFE     0  4096  
01000-01006     4  4  
01008-01094   142  0  
01096-07FFE  2786  25736  



